{"name": "test_add_3_items_and_finish", "status": "failed", "statusDetails": {"message": "AssertionError: Failed to navigate to checkout complete page.\nassert False\n +  where False = verify_complete_header()\n +    where verify_complete_header = <pages.checkout_page.CheckoutPage object at 0x10486d550>.verify_complete_header", "trace": "self = <tests.test_checkout.TestCheckout object at 0x1048096d0>\n\n    def test_add_3_items_and_finish(self):\n        inventory_page = InventoryPage(self.driver)\n        cart_page = CartPage(self.driver)\n        checkout_page = CheckoutPage(self.driver)\n    \n        items_to_add = [\n            \"Sauce Labs Backpack\",\n            \"Sauce Labs Bolt T-Shirt\",\n            \"Sauce Labs Onesie\"\n        ]\n    \n        print(\"Step 1: Adding 3 items to the cart\")\n        for item in items_to_add:\n            inventory_page.add_item_to_cart(item)\n            print(f\"  - Added '{item}' to cart.\")\n    \n        assert inventory_page.get_cart_item_count() == len(items_to_add), \\\n            f\"Expected {len(items_to_add)} items in cart, but found {inventory_page.get_cart_item_count()}\"\n        print(\"  - Verified 3 items are in your cart\")\n    \n        print(\"Step 2: Navigating to Your Cart and Checkout...\")\n        inventory_page.click_cart_icon()\n        assert cart_page.verify_in_cart_page(), \"Failed to navigate to cart page.\"\n        print(\"  - Navigated to Cart page.\")\n    \n        for item in items_to_add:\n            assert item in cart_page.get_item_names_in_cart(), f\"Product '{item}' not found in cart.\"\n            print(f\"  - Verified '{item}' is in the cart page.\")\n    \n        cart_page.click_checkout_button()\n        assert checkout_page.verify_in_checkout_step_one(), \"Failed to navigate to checkout step one.\"\n        print(\"  - Navigated to Checkout Step One page.\")\n    \n        print(\"Step 3: Entering user information for checkout...\")\n        first_name = \"John\"\n        last_name = \"Doe\"\n        zip_code = \"70000\"\n        checkout_page.do_continue(first_name, last_name, zip_code)\n        assert checkout_page.verify_in_checkout_step_two(), \"Failed to navigate to checkout step two (overview).\"\n        print(\"  - Entered info and navigated to Checkout Step Two (Overview).\")\n    \n        print(\"Step 4: Clicking Finish button...\")\n        checkout_page.click_finish_button()\n>       assert checkout_page.verify_complete_header(), \"Failed to navigate to checkout complete page.\"\nE       AssertionError: Failed to navigate to checkout complete page.\nE       assert False\nE        +  where False = verify_complete_header()\nE        +    where verify_complete_header = <pages.checkout_page.CheckoutPage object at 0x10486d550>.verify_complete_header\n\ntests/test_checkout.py:81: AssertionError"}, "attachments": [{"name": "Lá»—i: test_add_3_items_and_finish_failure.png", "source": "7404b9ce-839d-4ab0-88de-66ee4f76537a-attachment.png", "type": "image/png"}, {"name": "stdout", "source": "cbd8cb28-781b-4e39-8968-de1ac31a9a23-attachment.txt", "type": "text/plain"}], "start": 1753625940330, "stop": 1753625948939, "uuid": "778ddfa1-bc63-4545-9209-07dc0a8bca33", "historyId": "f338448cc987f53dc848d2073de95883", "testCaseId": "f338448cc987f53dc848d2073de95883", "fullName": "tests.test_checkout.TestCheckout#test_add_3_items_and_finish", "labels": [{"name": "feature", "value": "Checkout Process"}, {"name": "parentSuite", "value": "tests"}, {"name": "suite", "value": "test_checkout"}, {"name": "subSuite", "value": "TestCheckout"}, {"name": "host", "value": "DUCs-MacBook-Air.local"}, {"name": "thread", "value": "88538-MainThread"}, {"name": "framework", "value": "pytest"}, {"name": "language", "value": "cpython3"}, {"name": "package", "value": "tests.test_checkout"}]}