{"uid":"43c1dd1280bd676","name":"test_add_3_items_and_finish","fullName":"tests.test_checkout.TestCheckout#test_add_3_items_and_finish","historyId":"f338448cc987f53dc848d2073de95883","time":{"start":1753626218425,"stop":1753626218568,"duration":143},"status":"failed","statusMessage":"AssertionError: Failed to navigate to cart page.\nassert False\n +  where False = verify_in_cart_page()\n +    where verify_in_cart_page = <pages.cart_page.CartPage object at 0x104af9d30>.verify_in_cart_page","statusTrace":"self = <tests.test_checkout.TestCheckout object at 0x104a956d0>\n\n    def test_add_3_items_and_finish(self):\n        inventory_page = InventoryPage(self.driver)\n        cart_page = CartPage(self.driver)\n        checkout_page = CheckoutPage(self.driver)\n    \n        items_to_add = [\n            \"Sauce Labs Backpack\",\n            \"Sauce Labs Bolt T-Shirt\",\n            \"Sauce Labs Onesie\"\n        ]\n    \n        print(\"Step 1: Adding 3 items to the cart\")\n        for item in items_to_add:\n            inventory_page.add_item_to_cart(item)\n            print(f\"  - Added '{item}' to cart.\")\n    \n        assert inventory_page.get_cart_item_count() == len(items_to_add), \\\n            f\"Expected {len(items_to_add)} items in cart, but found {inventory_page.get_cart_item_count()}\"\n        print(\"  - Verified 3 items are in your cart\")\n    \n        print(\"Step 2: Navigating to Your Cart and Checkout...\")\n        inventory_page.click_cart_icon()\n>       assert cart_page.verify_in_cart_page(), \"Failed to navigate to cart page.\"\nE       AssertionError: Failed to navigate to cart page.\nE       assert False\nE        +  where False = verify_in_cart_page()\nE        +    where verify_in_cart_page = <pages.cart_page.CartPage object at 0x104af9d30>.verify_in_cart_page\n\ntests/test_checkout.py:60: AssertionError","flaky":false,"newFailed":false,"newBroken":false,"newPassed":false,"retriesCount":0,"retriesStatusChange":false,"beforeStages":[{"name":"setup","time":{"start":1753626216372,"stop":1753626218210,"duration":1838},"status":"passed","steps":[],"attachments":[],"parameters":[],"stepsCount":0,"shouldDisplayMessage":false,"attachmentsCount":0,"hasContent":false,"attachmentStep":false},{"name":"login_precondition","time":{"start":1753626218211,"stop":1753626218424,"duration":213},"status":"passed","steps":[],"attachments":[],"parameters":[],"stepsCount":0,"shouldDisplayMessage":false,"attachmentsCount":0,"hasContent":false,"attachmentStep":false}],"testStage":{"status":"failed","statusMessage":"AssertionError: Failed to navigate to cart page.\nassert False\n +  where False = verify_in_cart_page()\n +    where verify_in_cart_page = <pages.cart_page.CartPage object at 0x104af9d30>.verify_in_cart_page","statusTrace":"self = <tests.test_checkout.TestCheckout object at 0x104a956d0>\n\n    def test_add_3_items_and_finish(self):\n        inventory_page = InventoryPage(self.driver)\n        cart_page = CartPage(self.driver)\n        checkout_page = CheckoutPage(self.driver)\n    \n        items_to_add = [\n            \"Sauce Labs Backpack\",\n            \"Sauce Labs Bolt T-Shirt\",\n            \"Sauce Labs Onesie\"\n        ]\n    \n        print(\"Step 1: Adding 3 items to the cart\")\n        for item in items_to_add:\n            inventory_page.add_item_to_cart(item)\n            print(f\"  - Added '{item}' to cart.\")\n    \n        assert inventory_page.get_cart_item_count() == len(items_to_add), \\\n            f\"Expected {len(items_to_add)} items in cart, but found {inventory_page.get_cart_item_count()}\"\n        print(\"  - Verified 3 items are in your cart\")\n    \n        print(\"Step 2: Navigating to Your Cart and Checkout...\")\n        inventory_page.click_cart_icon()\n>       assert cart_page.verify_in_cart_page(), \"Failed to navigate to cart page.\"\nE       AssertionError: Failed to navigate to cart page.\nE       assert False\nE        +  where False = verify_in_cart_page()\nE        +    where verify_in_cart_page = <pages.cart_page.CartPage object at 0x104af9d30>.verify_in_cart_page\n\ntests/test_checkout.py:60: AssertionError","steps":[],"attachments":[{"uid":"3c5bbcd72d701eb0","name":"Lá»—i: test_add_3_items_and_finish_failure.png","source":"3c5bbcd72d701eb0.png","type":"image/png","size":526239},{"uid":"f684f22f3f39b343","name":"stdout","source":"f684f22f3f39b343.txt","type":"text/plain","size":330}],"parameters":[],"stepsCount":0,"shouldDisplayMessage":true,"attachmentsCount":2,"hasContent":true,"attachmentStep":false},"afterStages":[{"name":"setup::0","time":{"start":1753626218746,"stop":1753626218817,"duration":71},"status":"passed","steps":[],"attachments":[],"parameters":[],"stepsCount":0,"shouldDisplayMessage":false,"attachmentsCount":0,"hasContent":false,"attachmentStep":false},{"name":"login_precondition::0","time":{"start":1753626218746,"stop":1753626218746,"duration":0},"status":"passed","steps":[],"attachments":[],"parameters":[],"stepsCount":0,"shouldDisplayMessage":false,"attachmentsCount":0,"hasContent":false,"attachmentStep":false}],"labels":[{"name":"feature","value":"Checkout Process"},{"name":"parentSuite","value":"tests"},{"name":"suite","value":"test_checkout"},{"name":"subSuite","value":"TestCheckout"},{"name":"host","value":"DUCs-MacBook-Air.local"},{"name":"thread","value":"88810-MainThread"},{"name":"framework","value":"pytest"},{"name":"language","value":"cpython3"},{"name":"package","value":"tests.test_checkout"},{"name":"resultFormat","value":"allure2"}],"parameters":[],"links":[],"hidden":true,"retry":true,"extra":{"categories":[],"tags":[]},"source":"43c1dd1280bd676.json","parameterValues":[]}