{"uid":"53d162846422da48","name":"test_add_3_items_and_finish","fullName":"tests.test_checkout.TestCheckout#test_add_3_items_and_finish","historyId":"f338448cc987f53dc848d2073de95883","time":{"start":1753625940330,"stop":1753625948939,"duration":8609},"status":"failed","statusMessage":"AssertionError: Failed to navigate to checkout complete page.\nassert False\n +  where False = verify_complete_header()\n +    where verify_complete_header = <pages.checkout_page.CheckoutPage object at 0x10486d550>.verify_complete_header","statusTrace":"self = <tests.test_checkout.TestCheckout object at 0x1048096d0>\n\n    def test_add_3_items_and_finish(self):\n        inventory_page = InventoryPage(self.driver)\n        cart_page = CartPage(self.driver)\n        checkout_page = CheckoutPage(self.driver)\n    \n        items_to_add = [\n            \"Sauce Labs Backpack\",\n            \"Sauce Labs Bolt T-Shirt\",\n            \"Sauce Labs Onesie\"\n        ]\n    \n        print(\"Step 1: Adding 3 items to the cart\")\n        for item in items_to_add:\n            inventory_page.add_item_to_cart(item)\n            print(f\"  - Added '{item}' to cart.\")\n    \n        assert inventory_page.get_cart_item_count() == len(items_to_add), \\\n            f\"Expected {len(items_to_add)} items in cart, but found {inventory_page.get_cart_item_count()}\"\n        print(\"  - Verified 3 items are in your cart\")\n    \n        print(\"Step 2: Navigating to Your Cart and Checkout...\")\n        inventory_page.click_cart_icon()\n        assert cart_page.verify_in_cart_page(), \"Failed to navigate to cart page.\"\n        print(\"  - Navigated to Cart page.\")\n    \n        for item in items_to_add:\n            assert item in cart_page.get_item_names_in_cart(), f\"Product '{item}' not found in cart.\"\n            print(f\"  - Verified '{item}' is in the cart page.\")\n    \n        cart_page.click_checkout_button()\n        assert checkout_page.verify_in_checkout_step_one(), \"Failed to navigate to checkout step one.\"\n        print(\"  - Navigated to Checkout Step One page.\")\n    \n        print(\"Step 3: Entering user information for checkout...\")\n        first_name = \"John\"\n        last_name = \"Doe\"\n        zip_code = \"70000\"\n        checkout_page.do_continue(first_name, last_name, zip_code)\n        assert checkout_page.verify_in_checkout_step_two(), \"Failed to navigate to checkout step two (overview).\"\n        print(\"  - Entered info and navigated to Checkout Step Two (Overview).\")\n    \n        print(\"Step 4: Clicking Finish button...\")\n        checkout_page.click_finish_button()\n>       assert checkout_page.verify_complete_header(), \"Failed to navigate to checkout complete page.\"\nE       AssertionError: Failed to navigate to checkout complete page.\nE       assert False\nE        +  where False = verify_complete_header()\nE        +    where verify_complete_header = <pages.checkout_page.CheckoutPage object at 0x10486d550>.verify_complete_header\n\ntests/test_checkout.py:81: AssertionError","flaky":false,"newFailed":false,"newBroken":false,"newPassed":false,"retriesCount":0,"retriesStatusChange":false,"beforeStages":[{"name":"setup","time":{"start":1753625938086,"stop":1753625940124,"duration":2038},"status":"passed","steps":[],"attachments":[],"parameters":[],"stepsCount":0,"shouldDisplayMessage":false,"attachmentsCount":0,"hasContent":false,"attachmentStep":false},{"name":"login_precondition","time":{"start":1753625940124,"stop":1753625940329,"duration":205},"status":"passed","steps":[],"attachments":[],"parameters":[],"stepsCount":0,"shouldDisplayMessage":false,"attachmentsCount":0,"hasContent":false,"attachmentStep":false}],"testStage":{"status":"failed","statusMessage":"AssertionError: Failed to navigate to checkout complete page.\nassert False\n +  where False = verify_complete_header()\n +    where verify_complete_header = <pages.checkout_page.CheckoutPage object at 0x10486d550>.verify_complete_header","statusTrace":"self = <tests.test_checkout.TestCheckout object at 0x1048096d0>\n\n    def test_add_3_items_and_finish(self):\n        inventory_page = InventoryPage(self.driver)\n        cart_page = CartPage(self.driver)\n        checkout_page = CheckoutPage(self.driver)\n    \n        items_to_add = [\n            \"Sauce Labs Backpack\",\n            \"Sauce Labs Bolt T-Shirt\",\n            \"Sauce Labs Onesie\"\n        ]\n    \n        print(\"Step 1: Adding 3 items to the cart\")\n        for item in items_to_add:\n            inventory_page.add_item_to_cart(item)\n            print(f\"  - Added '{item}' to cart.\")\n    \n        assert inventory_page.get_cart_item_count() == len(items_to_add), \\\n            f\"Expected {len(items_to_add)} items in cart, but found {inventory_page.get_cart_item_count()}\"\n        print(\"  - Verified 3 items are in your cart\")\n    \n        print(\"Step 2: Navigating to Your Cart and Checkout...\")\n        inventory_page.click_cart_icon()\n        assert cart_page.verify_in_cart_page(), \"Failed to navigate to cart page.\"\n        print(\"  - Navigated to Cart page.\")\n    \n        for item in items_to_add:\n            assert item in cart_page.get_item_names_in_cart(), f\"Product '{item}' not found in cart.\"\n            print(f\"  - Verified '{item}' is in the cart page.\")\n    \n        cart_page.click_checkout_button()\n        assert checkout_page.verify_in_checkout_step_one(), \"Failed to navigate to checkout step one.\"\n        print(\"  - Navigated to Checkout Step One page.\")\n    \n        print(\"Step 3: Entering user information for checkout...\")\n        first_name = \"John\"\n        last_name = \"Doe\"\n        zip_code = \"70000\"\n        checkout_page.do_continue(first_name, last_name, zip_code)\n        assert checkout_page.verify_in_checkout_step_two(), \"Failed to navigate to checkout step two (overview).\"\n        print(\"  - Entered info and navigated to Checkout Step Two (Overview).\")\n    \n        print(\"Step 4: Clicking Finish button...\")\n        checkout_page.click_finish_button()\n>       assert checkout_page.verify_complete_header(), \"Failed to navigate to checkout complete page.\"\nE       AssertionError: Failed to navigate to checkout complete page.\nE       assert False\nE        +  where False = verify_complete_header()\nE        +    where verify_complete_header = <pages.checkout_page.CheckoutPage object at 0x10486d550>.verify_complete_header\n\ntests/test_checkout.py:81: AssertionError","steps":[],"attachments":[{"uid":"47ffe57c84b7315c","name":"Lá»—i: test_add_3_items_and_finish_failure.png","source":"47ffe57c84b7315c.png","type":"image/png","size":100847},{"uid":"efb2536ed4254070","name":"stdout","source":"efb2536ed4254070.txt","type":"text/plain","size":717}],"parameters":[],"stepsCount":0,"shouldDisplayMessage":true,"attachmentsCount":2,"hasContent":true,"attachmentStep":false},"afterStages":[{"name":"login_precondition::0","time":{"start":1753625949075,"stop":1753625949075,"duration":0},"status":"passed","steps":[],"attachments":[],"parameters":[],"stepsCount":0,"shouldDisplayMessage":false,"attachmentsCount":0,"hasContent":false,"attachmentStep":false},{"name":"setup::0","time":{"start":1753625949075,"stop":1753625949158,"duration":83},"status":"passed","steps":[],"attachments":[],"parameters":[],"stepsCount":0,"shouldDisplayMessage":false,"attachmentsCount":0,"hasContent":false,"attachmentStep":false}],"labels":[{"name":"feature","value":"Checkout Process"},{"name":"parentSuite","value":"tests"},{"name":"suite","value":"test_checkout"},{"name":"subSuite","value":"TestCheckout"},{"name":"host","value":"DUCs-MacBook-Air.local"},{"name":"thread","value":"88538-MainThread"},{"name":"framework","value":"pytest"},{"name":"language","value":"cpython3"},{"name":"package","value":"tests.test_checkout"},{"name":"resultFormat","value":"allure2"}],"parameters":[],"links":[],"hidden":true,"retry":true,"extra":{"categories":[],"tags":[]},"source":"53d162846422da48.json","parameterValues":[]}